{"/Users/jh/Documents/worksapce/react/calendar/src/components/calendar.js": {"path":"/Users/jh/Documents/worksapce/react/calendar/src/components/calendar.js","statementMap":{"0":{"start":{"line":8,"column":8},"end":{"line":8,"column":16}},"1":{"start":{"line":16,"column":8},"end":{"line":33,"column":9}},"2":{"start":{"line":18,"column":16},"end":{"line":18,"column":62}},"3":{"start":{"line":19,"column":16},"end":{"line":19,"column":124}},"4":{"start":{"line":20,"column":16},"end":{"line":20,"column":22}},"5":{"start":{"line":23,"column":38},"end":{"line":23,"column":122}},"6":{"start":{"line":24,"column":28},"end":{"line":24,"column":67}},"7":{"start":{"line":25,"column":16},"end":{"line":25,"column":57}},"8":{"start":{"line":26,"column":16},"end":{"line":26,"column":81}},"9":{"start":{"line":27,"column":16},"end":{"line":27,"column":22}},"10":{"start":{"line":30,"column":16},"end":{"line":30,"column":63}},"11":{"start":{"line":31,"column":16},"end":{"line":31,"column":52}},"12":{"start":{"line":32,"column":16},"end":{"line":32,"column":22}},"13":{"start":{"line":35,"column":8},"end":{"line":35,"column":34}},"14":{"start":{"line":39,"column":8},"end":{"line":43,"column":9}}},"fnMap":{"0":{"name":"(anonymous_0)","decl":{"start":{"line":7,"column":4},"end":{"line":7,"column":5}},"loc":{"start":{"line":7,"column":17},"end":{"line":9,"column":5}},"line":7},"1":{"name":"(anonymous_1)","decl":{"start":{"line":10,"column":4},"end":{"line":10,"column":5}},"loc":{"start":{"line":10,"column":23},"end":{"line":12,"column":5}},"line":10},"2":{"name":"(anonymous_2)","decl":{"start":{"line":14,"column":4},"end":{"line":14,"column":5}},"loc":{"start":{"line":14,"column":55},"end":{"line":36,"column":5}},"line":14},"3":{"name":"(anonymous_3)","decl":{"start":{"line":38,"column":4},"end":{"line":38,"column":5}},"loc":{"start":{"line":38,"column":12},"end":{"line":44,"column":5}},"line":38}},"branchMap":{"0":{"loc":{"start":{"line":16,"column":8},"end":{"line":33,"column":9}},"type":"switch","locations":[{"start":{"line":17,"column":12},"end":{"line":20,"column":22}},{"start":{"line":22,"column":12},"end":{"line":27,"column":22}},{"start":{"line":29,"column":12},"end":{"line":32,"column":22}}],"line":16},"1":{"loc":{"start":{"line":19,"column":26},"end":{"line":19,"column":123}},"type":"binary-expr","locations":[{"start":{"line":19,"column":26},"end":{"line":19,"column":49}},{"start":{"line":19,"column":53},"end":{"line":19,"column":87}},{"start":{"line":19,"column":91},"end":{"line":19,"column":123}}],"line":19},"2":{"loc":{"start":{"line":26,"column":26},"end":{"line":26,"column":80}},"type":"binary-expr","locations":[{"start":{"line":26,"column":26},"end":{"line":26,"column":44}},{"start":{"line":26,"column":48},"end":{"line":26,"column":80}}],"line":26}},"s":{"0":1,"1":55,"2":42,"3":42,"4":42,"5":12,"6":12,"7":12,"8":12,"9":12,"10":1,"11":1,"12":1,"13":55,"14":1},"f":{"0":1,"1":1,"2":55,"3":1},"b":{"0":[42,12,1],"1":[42,2,2],"2":[12,1]},"_coverageSchema":"332fd63041d2c1bcb487cc26dd0d5f7d97098a6c","hash":"0d566f3fb9a758a7226eee4b310f26c3e74637ab"}
,"/Users/jh/Documents/worksapce/react/calendar/src/components/calendarContent.js": {"path":"/Users/jh/Documents/worksapce/react/calendar/src/components/calendarContent.js","statementMap":{"0":{"start":{"line":6,"column":8},"end":{"line":6,"column":16}},"1":{"start":{"line":7,"column":20},"end":{"line":7,"column":35}},"2":{"start":{"line":8,"column":8},"end":{"line":8,"column":45}},"3":{"start":{"line":10,"column":8},"end":{"line":13,"column":10}},"4":{"start":{"line":20,"column":8},"end":{"line":20,"column":46}},"5":{"start":{"line":24,"column":8},"end":{"line":26,"column":9}},"6":{"start":{"line":25,"column":12},"end":{"line":25,"column":69}},"7":{"start":{"line":30,"column":8},"end":{"line":30,"column":74}},"8":{"start":{"line":34,"column":19},"end":{"line":34,"column":29}},"9":{"start":{"line":35,"column":19},"end":{"line":35,"column":37}},"10":{"start":{"line":36,"column":20},"end":{"line":36,"column":37}},"11":{"start":{"line":37,"column":18},"end":{"line":37,"column":32}},"12":{"start":{"line":39,"column":18},"end":{"line":39,"column":55}},"13":{"start":{"line":41,"column":8},"end":{"line":41,"column":21}},"14":{"start":{"line":46,"column":30},"end":{"line":46,"column":56}},"15":{"start":{"line":47,"column":20},"end":{"line":47,"column":104}},"16":{"start":{"line":48,"column":19},"end":{"line":48,"column":104}},"17":{"start":{"line":50,"column":8},"end":{"line":73,"column":9}},"18":{"start":{"line":52,"column":16},"end":{"line":56,"column":27}},"19":{"start":{"line":57,"column":16},"end":{"line":57,"column":22}},"20":{"start":{"line":59,"column":16},"end":{"line":62,"column":27}},"21":{"start":{"line":63,"column":16},"end":{"line":63,"column":22}},"22":{"start":{"line":65,"column":32},"end":{"line":65,"column":78}},"23":{"start":{"line":66,"column":31},"end":{"line":66,"column":42}},"24":{"start":{"line":68,"column":16},"end":{"line":71,"column":27}},"25":{"start":{"line":72,"column":16},"end":{"line":72,"column":22}},"26":{"start":{"line":75,"column":8},"end":{"line":80,"column":9}},"27":{"start":{"line":76,"column":12},"end":{"line":79,"column":22}},"28":{"start":{"line":82,"column":8},"end":{"line":91,"column":10}},"29":{"start":{"line":95,"column":19},"end":{"line":95,"column":118}},"30":{"start":{"line":99,"column":30},"end":{"line":99,"column":56}},"31":{"start":{"line":100,"column":8},"end":{"line":159,"column":9}},"32":{"start":{"line":102,"column":16},"end":{"line":130,"column":17}},"33":{"start":{"line":103,"column":20},"end":{"line":115,"column":21}},"34":{"start":{"line":104,"column":24},"end":{"line":109,"column":25}},"35":{"start":{"line":105,"column":28},"end":{"line":105,"column":52}},"36":{"start":{"line":106,"column":28},"end":{"line":106,"column":54}},"37":{"start":{"line":108,"column":28},"end":{"line":108,"column":53}},"38":{"start":{"line":111,"column":24},"end":{"line":111,"column":112}},"39":{"start":{"line":114,"column":24},"end":{"line":114,"column":47}},"40":{"start":{"line":117,"column":38},"end":{"line":117,"column":103}},"41":{"start":{"line":119,"column":20},"end":{"line":129,"column":21}},"42":{"start":{"line":120,"column":24},"end":{"line":125,"column":25}},"43":{"start":{"line":121,"column":28},"end":{"line":121,"column":52}},"44":{"start":{"line":122,"column":28},"end":{"line":122,"column":54}},"45":{"start":{"line":124,"column":28},"end":{"line":124,"column":53}},"46":{"start":{"line":126,"column":24},"end":{"line":126,"column":48}},"47":{"start":{"line":128,"column":24},"end":{"line":128,"column":47}},"48":{"start":{"line":132,"column":16},"end":{"line":132,"column":22}},"49":{"start":{"line":134,"column":16},"end":{"line":148,"column":17}},"50":{"start":{"line":135,"column":20},"end":{"line":140,"column":21}},"51":{"start":{"line":136,"column":24},"end":{"line":136,"column":48}},"52":{"start":{"line":137,"column":24},"end":{"line":137,"column":50}},"53":{"start":{"line":139,"column":24},"end":{"line":139,"column":49}},"54":{"start":{"line":142,"column":20},"end":{"line":147,"column":21}},"55":{"start":{"line":143,"column":24},"end":{"line":143,"column":48}},"56":{"start":{"line":144,"column":24},"end":{"line":144,"column":50}},"57":{"start":{"line":146,"column":24},"end":{"line":146,"column":49}},"58":{"start":{"line":150,"column":16},"end":{"line":150,"column":22}},"59":{"start":{"line":152,"column":16},"end":{"line":156,"column":17}},"60":{"start":{"line":153,"column":20},"end":{"line":153,"column":44}},"61":{"start":{"line":155,"column":20},"end":{"line":155,"column":44}},"62":{"start":{"line":158,"column":16},"end":{"line":158,"column":22}},"63":{"start":{"line":161,"column":8},"end":{"line":161,"column":41}},"64":{"start":{"line":165,"column":19},"end":{"line":165,"column":34}},"65":{"start":{"line":167,"column":8},"end":{"line":175,"column":9}},"66":{"start":{"line":168,"column":12},"end":{"line":170,"column":13}},"67":{"start":{"line":169,"column":16},"end":{"line":169,"column":23}},"68":{"start":{"line":172,"column":12},"end":{"line":174,"column":13}},"69":{"start":{"line":173,"column":16},"end":{"line":173,"column":23}},"70":{"start":{"line":177,"column":8},"end":{"line":177,"column":30}},"71":{"start":{"line":182,"column":8},"end":{"line":187,"column":10}},"72":{"start":{"line":192,"column":8},"end":{"line":208,"column":9}},"73":{"start":{"line":193,"column":27},"end":{"line":193,"column":69}},"74":{"start":{"line":194,"column":22},"end":{"line":194,"column":24}},"75":{"start":{"line":195,"column":12},"end":{"line":199,"column":13}},"76":{"start":{"line":196,"column":16},"end":{"line":198,"column":18}},"77":{"start":{"line":201,"column":12},"end":{"line":207,"column":14}},"78":{"start":{"line":215,"column":30},"end":{"line":215,"column":56}},"79":{"start":{"line":217,"column":8},"end":{"line":230,"column":9}},"80":{"start":{"line":219,"column":16},"end":{"line":219,"column":98}},"81":{"start":{"line":220,"column":16},"end":{"line":220,"column":68}},"82":{"start":{"line":221,"column":16},"end":{"line":221,"column":22}},"83":{"start":{"line":223,"column":16},"end":{"line":223,"column":57}},"84":{"start":{"line":224,"column":16},"end":{"line":224,"column":68}},"85":{"start":{"line":225,"column":16},"end":{"line":225,"column":22}},"86":{"start":{"line":227,"column":16},"end":{"line":227,"column":76}},"87":{"start":{"line":228,"column":16},"end":{"line":228,"column":68}},"88":{"start":{"line":229,"column":16},"end":{"line":229,"column":22}},"89":{"start":{"line":232,"column":8},"end":{"line":236,"column":10}},"90":{"start":{"line":241,"column":29},"end":{"line":241,"column":31}},"91":{"start":{"line":242,"column":27},"end":{"line":242,"column":29}},"92":{"start":{"line":243,"column":30},"end":{"line":243,"column":71}},"93":{"start":{"line":245,"column":33},"end":{"line":245,"column":66}},"94":{"start":{"line":249,"column":8},"end":{"line":253,"column":9}},"95":{"start":{"line":250,"column":12},"end":{"line":250,"column":63}},"96":{"start":{"line":252,"column":12},"end":{"line":252,"column":66}},"97":{"start":{"line":256,"column":28},"end":{"line":256,"column":29}},"98":{"start":{"line":258,"column":8},"end":{"line":269,"column":9}},"99":{"start":{"line":259,"column":12},"end":{"line":268,"column":13}},"100":{"start":{"line":260,"column":35},"end":{"line":260,"column":76}},"101":{"start":{"line":261,"column":16},"end":{"line":261,"column":71}},"102":{"start":{"line":262,"column":18},"end":{"line":268,"column":13}},"103":{"start":{"line":263,"column":38},"end":{"line":263,"column":63}},"104":{"start":{"line":264,"column":16},"end":{"line":264,"column":77}},"105":{"start":{"line":266,"column":16},"end":{"line":266,"column":75}},"106":{"start":{"line":267,"column":16},"end":{"line":267,"column":33}},"107":{"start":{"line":271,"column":8},"end":{"line":271,"column":30}},"108":{"start":{"line":276,"column":26},"end":{"line":276,"column":31}},"109":{"start":{"line":277,"column":25},"end":{"line":277,"column":29}},"110":{"start":{"line":279,"column":8},"end":{"line":282,"column":9}},"111":{"start":{"line":280,"column":12},"end":{"line":280,"column":30}},"112":{"start":{"line":281,"column":12},"end":{"line":281,"column":26}},"113":{"start":{"line":284,"column":25},"end":{"line":284,"column":183}},"114":{"start":{"line":286,"column":24},"end":{"line":286,"column":36}},"115":{"start":{"line":287,"column":8},"end":{"line":287,"column":25}},"116":{"start":{"line":291,"column":26},"end":{"line":291,"column":28}},"117":{"start":{"line":293,"column":8},"end":{"line":305,"column":9}},"118":{"start":{"line":294,"column":12},"end":{"line":298,"column":13}},"119":{"start":{"line":295,"column":16},"end":{"line":295,"column":33}},"120":{"start":{"line":297,"column":16},"end":{"line":297,"column":33}},"121":{"start":{"line":299,"column":14},"end":{"line":305,"column":9}},"122":{"start":{"line":300,"column":12},"end":{"line":300,"column":29}},"123":{"start":{"line":301,"column":14},"end":{"line":305,"column":9}},"124":{"start":{"line":302,"column":12},"end":{"line":302,"column":29}},"125":{"start":{"line":303,"column":14},"end":{"line":305,"column":9}},"126":{"start":{"line":304,"column":12},"end":{"line":304,"column":29}},"127":{"start":{"line":307,"column":8},"end":{"line":307,"column":27}},"128":{"start":{"line":311,"column":20},"end":{"line":311,"column":104}},"129":{"start":{"line":313,"column":26},"end":{"line":315,"column":10}},"130":{"start":{"line":314,"column":12},"end":{"line":314,"column":53}},"131":{"start":{"line":317,"column":8},"end":{"line":317,"column":27}},"132":{"start":{"line":321,"column":28},"end":{"line":321,"column":30}},"133":{"start":{"line":322,"column":35},"end":{"line":322,"column":36}},"134":{"start":{"line":323,"column":34},"end":{"line":323,"column":36}},"135":{"start":{"line":324,"column":27},"end":{"line":324,"column":29}},"136":{"start":{"line":326,"column":24},"end":{"line":326,"column":42}},"137":{"start":{"line":329,"column":8},"end":{"line":337,"column":9}},"138":{"start":{"line":330,"column":12},"end":{"line":336,"column":13}},"139":{"start":{"line":331,"column":16},"end":{"line":331,"column":76}},"140":{"start":{"line":332,"column":18},"end":{"line":336,"column":13}},"141":{"start":{"line":333,"column":16},"end":{"line":333,"column":79}},"142":{"start":{"line":335,"column":16},"end":{"line":335,"column":78}},"143":{"start":{"line":339,"column":8},"end":{"line":339,"column":30}},"144":{"start":{"line":345,"column":24},"end":{"line":345,"column":46}},"145":{"start":{"line":347,"column":26},"end":{"line":347,"column":28}},"146":{"start":{"line":349,"column":8},"end":{"line":380,"column":9}},"147":{"start":{"line":351,"column":33},"end":{"line":351,"column":35}},"148":{"start":{"line":352,"column":12},"end":{"line":372,"column":13}},"149":{"start":{"line":354,"column":38},"end":{"line":354,"column":69}},"150":{"start":{"line":355,"column":27},"end":{"line":355,"column":57}},"151":{"start":{"line":356,"column":29},"end":{"line":356,"column":61}},"152":{"start":{"line":357,"column":39},"end":{"line":357,"column":43}},"153":{"start":{"line":358,"column":27},"end":{"line":358,"column":57}},"154":{"start":{"line":359,"column":16},"end":{"line":361,"column":17}},"155":{"start":{"line":360,"column":20},"end":{"line":360,"column":57}},"156":{"start":{"line":363,"column":30},"end":{"line":363,"column":58}},"157":{"start":{"line":365,"column":16},"end":{"line":370,"column":18}},"158":{"start":{"line":374,"column":12},"end":{"line":378,"column":14}},"159":{"start":{"line":382,"column":8},"end":{"line":382,"column":29}},"160":{"start":{"line":386,"column":20},"end":{"line":386,"column":35}},"161":{"start":{"line":387,"column":30},"end":{"line":387,"column":56}},"162":{"start":{"line":388,"column":19},"end":{"line":388,"column":49}},"163":{"start":{"line":389,"column":25},"end":{"line":389,"column":87}},"164":{"start":{"line":391,"column":21},"end":{"line":391,"column":84}},"165":{"start":{"line":392,"column":8},"end":{"line":400,"column":9}},"166":{"start":{"line":393,"column":12},"end":{"line":393,"column":39}},"167":{"start":{"line":395,"column":12},"end":{"line":399,"column":13}},"168":{"start":{"line":396,"column":16},"end":{"line":396,"column":66}},"169":{"start":{"line":397,"column":18},"end":{"line":399,"column":13}},"170":{"start":{"line":398,"column":16},"end":{"line":398,"column":41}},"171":{"start":{"line":402,"column":8},"end":{"line":402,"column":23}},"172":{"start":{"line":407,"column":19},"end":{"line":407,"column":49}},"173":{"start":{"line":408,"column":30},"end":{"line":408,"column":56}},"174":{"start":{"line":410,"column":8},"end":{"line":441,"column":9}},"175":{"start":{"line":412,"column":16},"end":{"line":430,"column":17}},"176":{"start":{"line":413,"column":20},"end":{"line":418,"column":21}},"177":{"start":{"line":414,"column":24},"end":{"line":414,"column":48}},"178":{"start":{"line":415,"column":24},"end":{"line":415,"column":50}},"179":{"start":{"line":417,"column":24},"end":{"line":417,"column":49}},"180":{"start":{"line":419,"column":20},"end":{"line":419,"column":47}},"181":{"start":{"line":420,"column":22},"end":{"line":430,"column":17}},"182":{"start":{"line":421,"column":20},"end":{"line":426,"column":21}},"183":{"start":{"line":422,"column":24},"end":{"line":422,"column":48}},"184":{"start":{"line":423,"column":24},"end":{"line":423,"column":50}},"185":{"start":{"line":425,"column":24},"end":{"line":425,"column":49}},"186":{"start":{"line":427,"column":20},"end":{"line":427,"column":47}},"187":{"start":{"line":429,"column":20},"end":{"line":429,"column":47}},"188":{"start":{"line":432,"column":16},"end":{"line":432,"column":22}},"189":{"start":{"line":435,"column":16},"end":{"line":435,"column":43}},"190":{"start":{"line":436,"column":16},"end":{"line":436,"column":22}},"191":{"start":{"line":439,"column":16},"end":{"line":439,"column":42}},"192":{"start":{"line":440,"column":16},"end":{"line":440,"column":22}},"193":{"start":{"line":443,"column":8},"end":{"line":445,"column":9}},"194":{"start":{"line":444,"column":12},"end":{"line":444,"column":65}},"195":{"start":{"line":447,"column":8},"end":{"line":447,"column":41}},"196":{"start":{"line":453,"column":8},"end":{"line":458,"column":9}}},"fnMap":{"0":{"name":"(anonymous_0)","decl":{"start":{"line":5,"column":4},"end":{"line":5,"column":5}},"loc":{"start":{"line":5,"column":17},"end":{"line":14,"column":5}},"line":5},"1":{"name":"(anonymous_1)","decl":{"start":{"line":15,"column":4},"end":{"line":15,"column":5}},"loc":{"start":{"line":15,"column":23},"end":{"line":17,"column":5}},"line":15},"2":{"name":"(anonymous_2)","decl":{"start":{"line":19,"column":4},"end":{"line":19,"column":5}},"loc":{"start":{"line":19,"column":40},"end":{"line":21,"column":5}},"line":19},"3":{"name":"(anonymous_3)","decl":{"start":{"line":23,"column":4},"end":{"line":23,"column":5}},"loc":{"start":{"line":23,"column":36},"end":{"line":27,"column":5}},"line":23},"4":{"name":"(anonymous_4)","decl":{"start":{"line":29,"column":4},"end":{"line":29,"column":5}},"loc":{"start":{"line":29,"column":45},"end":{"line":31,"column":5}},"line":29},"5":{"name":"(anonymous_5)","decl":{"start":{"line":33,"column":4},"end":{"line":33,"column":5}},"loc":{"start":{"line":33,"column":14},"end":{"line":42,"column":5}},"line":33},"6":{"name":"(anonymous_6)","decl":{"start":{"line":44,"column":4},"end":{"line":44,"column":5}},"loc":{"start":{"line":44,"column":17},"end":{"line":92,"column":5}},"line":44},"7":{"name":"(anonymous_7)","decl":{"start":{"line":94,"column":4},"end":{"line":94,"column":5}},"loc":{"start":{"line":94,"column":27},"end":{"line":162,"column":5}},"line":94},"8":{"name":"(anonymous_8)","decl":{"start":{"line":164,"column":4},"end":{"line":164,"column":5}},"loc":{"start":{"line":164,"column":25},"end":{"line":179,"column":5}},"line":164},"9":{"name":"(anonymous_9)","decl":{"start":{"line":181,"column":4},"end":{"line":181,"column":5}},"loc":{"start":{"line":181,"column":17},"end":{"line":188,"column":5}},"line":181},"10":{"name":"(anonymous_10)","decl":{"start":{"line":190,"column":4},"end":{"line":190,"column":5}},"loc":{"start":{"line":190,"column":18},"end":{"line":210,"column":5}},"line":190},"11":{"name":"(anonymous_11)","decl":{"start":{"line":212,"column":4},"end":{"line":212,"column":5}},"loc":{"start":{"line":212,"column":18},"end":{"line":237,"column":5}},"line":212},"12":{"name":"(anonymous_12)","decl":{"start":{"line":239,"column":4},"end":{"line":239,"column":5}},"loc":{"start":{"line":239,"column":37},"end":{"line":272,"column":5}},"line":239},"13":{"name":"(anonymous_13)","decl":{"start":{"line":274,"column":4},"end":{"line":274,"column":5}},"loc":{"start":{"line":274,"column":40},"end":{"line":288,"column":5}},"line":274},"14":{"name":"(anonymous_14)","decl":{"start":{"line":290,"column":4},"end":{"line":290,"column":5}},"loc":{"start":{"line":290,"column":32},"end":{"line":308,"column":5}},"line":290},"15":{"name":"(anonymous_15)","decl":{"start":{"line":310,"column":4},"end":{"line":310,"column":5}},"loc":{"start":{"line":310,"column":28},"end":{"line":318,"column":5}},"line":310},"16":{"name":"(anonymous_16)","decl":{"start":{"line":313,"column":36},"end":{"line":313,"column":37}},"loc":{"start":{"line":313,"column":47},"end":{"line":315,"column":9}},"line":313},"17":{"name":"(anonymous_17)","decl":{"start":{"line":320,"column":4},"end":{"line":320,"column":5}},"loc":{"start":{"line":320,"column":31},"end":{"line":340,"column":5}},"line":320},"18":{"name":"(anonymous_18)","decl":{"start":{"line":343,"column":4},"end":{"line":343,"column":5}},"loc":{"start":{"line":343,"column":35},"end":{"line":383,"column":5}},"line":343},"19":{"name":"(anonymous_19)","decl":{"start":{"line":385,"column":4},"end":{"line":385,"column":5}},"loc":{"start":{"line":385,"column":35},"end":{"line":403,"column":5}},"line":385},"20":{"name":"(anonymous_20)","decl":{"start":{"line":405,"column":4},"end":{"line":405,"column":5}},"loc":{"start":{"line":405,"column":27},"end":{"line":448,"column":5}},"line":405},"21":{"name":"(anonymous_21)","decl":{"start":{"line":452,"column":4},"end":{"line":452,"column":5}},"loc":{"start":{"line":452,"column":12},"end":{"line":459,"column":5}},"line":452}},"branchMap":{"0":{"loc":{"start":{"line":24,"column":8},"end":{"line":26,"column":9}},"type":"if","locations":[{"start":{"line":24,"column":8},"end":{"line":26,"column":9}},{"start":{"line":24,"column":8},"end":{"line":26,"column":9}}],"line":24},"1":{"loc":{"start":{"line":48,"column":19},"end":{"line":48,"column":104}},"type":"cond-expr","locations":[{"start":{"line":48,"column":53},"end":{"line":48,"column":83}},{"start":{"line":48,"column":84},"end":{"line":48,"column":104}}],"line":48},"2":{"loc":{"start":{"line":50,"column":8},"end":{"line":73,"column":9}},"type":"switch","locations":[{"start":{"line":51,"column":12},"end":{"line":57,"column":22}},{"start":{"line":58,"column":12},"end":{"line":63,"column":22}},{"start":{"line":64,"column":12},"end":{"line":72,"column":22}}],"line":50},"3":{"loc":{"start":{"line":75,"column":8},"end":{"line":80,"column":9}},"type":"if","locations":[{"start":{"line":75,"column":8},"end":{"line":80,"column":9}},{"start":{"line":75,"column":8},"end":{"line":80,"column":9}}],"line":75},"4":{"loc":{"start":{"line":75,"column":11},"end":{"line":75,"column":66}},"type":"binary-expr","locations":[{"start":{"line":75,"column":11},"end":{"line":75,"column":39}},{"start":{"line":75,"column":43},"end":{"line":75,"column":66}}],"line":75},"5":{"loc":{"start":{"line":95,"column":19},"end":{"line":95,"column":118}},"type":"cond-expr","locations":[{"start":{"line":95,"column":60},"end":{"line":95,"column":90}},{"start":{"line":95,"column":91},"end":{"line":95,"column":118}}],"line":95},"6":{"loc":{"start":{"line":100,"column":8},"end":{"line":159,"column":9}},"type":"switch","locations":[{"start":{"line":101,"column":12},"end":{"line":132,"column":22}},{"start":{"line":133,"column":12},"end":{"line":150,"column":22}},{"start":{"line":151,"column":12},"end":{"line":158,"column":22}}],"line":100},"7":{"loc":{"start":{"line":102,"column":16},"end":{"line":130,"column":17}},"type":"if","locations":[{"start":{"line":102,"column":16},"end":{"line":130,"column":17}},{"start":{"line":102,"column":16},"end":{"line":130,"column":17}}],"line":102},"8":{"loc":{"start":{"line":103,"column":20},"end":{"line":115,"column":21}},"type":"if","locations":[{"start":{"line":103,"column":20},"end":{"line":115,"column":21}},{"start":{"line":103,"column":20},"end":{"line":115,"column":21}}],"line":103},"9":{"loc":{"start":{"line":104,"column":24},"end":{"line":109,"column":25}},"type":"if","locations":[{"start":{"line":104,"column":24},"end":{"line":109,"column":25}},{"start":{"line":104,"column":24},"end":{"line":109,"column":25}}],"line":104},"10":{"loc":{"start":{"line":119,"column":20},"end":{"line":129,"column":21}},"type":"if","locations":[{"start":{"line":119,"column":20},"end":{"line":129,"column":21}},{"start":{"line":119,"column":20},"end":{"line":129,"column":21}}],"line":119},"11":{"loc":{"start":{"line":120,"column":24},"end":{"line":125,"column":25}},"type":"if","locations":[{"start":{"line":120,"column":24},"end":{"line":125,"column":25}},{"start":{"line":120,"column":24},"end":{"line":125,"column":25}}],"line":120},"12":{"loc":{"start":{"line":134,"column":16},"end":{"line":148,"column":17}},"type":"if","locations":[{"start":{"line":134,"column":16},"end":{"line":148,"column":17}},{"start":{"line":134,"column":16},"end":{"line":148,"column":17}}],"line":134},"13":{"loc":{"start":{"line":135,"column":20},"end":{"line":140,"column":21}},"type":"if","locations":[{"start":{"line":135,"column":20},"end":{"line":140,"column":21}},{"start":{"line":135,"column":20},"end":{"line":140,"column":21}}],"line":135},"14":{"loc":{"start":{"line":142,"column":20},"end":{"line":147,"column":21}},"type":"if","locations":[{"start":{"line":142,"column":20},"end":{"line":147,"column":21}},{"start":{"line":142,"column":20},"end":{"line":147,"column":21}}],"line":142},"15":{"loc":{"start":{"line":152,"column":16},"end":{"line":156,"column":17}},"type":"if","locations":[{"start":{"line":152,"column":16},"end":{"line":156,"column":17}},{"start":{"line":152,"column":16},"end":{"line":156,"column":17}}],"line":152},"16":{"loc":{"start":{"line":167,"column":8},"end":{"line":175,"column":9}},"type":"if","locations":[{"start":{"line":167,"column":8},"end":{"line":175,"column":9}},{"start":{"line":167,"column":8},"end":{"line":175,"column":9}}],"line":167},"17":{"loc":{"start":{"line":168,"column":12},"end":{"line":170,"column":13}},"type":"if","locations":[{"start":{"line":168,"column":12},"end":{"line":170,"column":13}},{"start":{"line":168,"column":12},"end":{"line":170,"column":13}}],"line":168},"18":{"loc":{"start":{"line":172,"column":12},"end":{"line":174,"column":13}},"type":"if","locations":[{"start":{"line":172,"column":12},"end":{"line":174,"column":13}},{"start":{"line":172,"column":12},"end":{"line":174,"column":13}}],"line":172},"19":{"loc":{"start":{"line":192,"column":8},"end":{"line":208,"column":9}},"type":"if","locations":[{"start":{"line":192,"column":8},"end":{"line":208,"column":9}},{"start":{"line":192,"column":8},"end":{"line":208,"column":9}}],"line":192},"20":{"loc":{"start":{"line":217,"column":8},"end":{"line":230,"column":9}},"type":"switch","locations":[{"start":{"line":218,"column":12},"end":{"line":221,"column":22}},{"start":{"line":222,"column":12},"end":{"line":225,"column":22}},{"start":{"line":226,"column":12},"end":{"line":229,"column":22}}],"line":217},"21":{"loc":{"start":{"line":249,"column":8},"end":{"line":253,"column":9}},"type":"if","locations":[{"start":{"line":249,"column":8},"end":{"line":253,"column":9}},{"start":{"line":249,"column":8},"end":{"line":253,"column":9}}],"line":249},"22":{"loc":{"start":{"line":259,"column":12},"end":{"line":268,"column":13}},"type":"if","locations":[{"start":{"line":259,"column":12},"end":{"line":268,"column":13}},{"start":{"line":259,"column":12},"end":{"line":268,"column":13}}],"line":259},"23":{"loc":{"start":{"line":262,"column":18},"end":{"line":268,"column":13}},"type":"if","locations":[{"start":{"line":262,"column":18},"end":{"line":268,"column":13}},{"start":{"line":262,"column":18},"end":{"line":268,"column":13}}],"line":262},"24":{"loc":{"start":{"line":262,"column":21},"end":{"line":262,"column":95}},"type":"binary-expr","locations":[{"start":{"line":262,"column":21},"end":{"line":262,"column":45}},{"start":{"line":262,"column":49},"end":{"line":262,"column":95}}],"line":262},"25":{"loc":{"start":{"line":279,"column":8},"end":{"line":282,"column":9}},"type":"if","locations":[{"start":{"line":279,"column":8},"end":{"line":282,"column":9}},{"start":{"line":279,"column":8},"end":{"line":282,"column":9}}],"line":279},"26":{"loc":{"start":{"line":293,"column":8},"end":{"line":305,"column":9}},"type":"if","locations":[{"start":{"line":293,"column":8},"end":{"line":305,"column":9}},{"start":{"line":293,"column":8},"end":{"line":305,"column":9}}],"line":293},"27":{"loc":{"start":{"line":294,"column":12},"end":{"line":298,"column":13}},"type":"if","locations":[{"start":{"line":294,"column":12},"end":{"line":298,"column":13}},{"start":{"line":294,"column":12},"end":{"line":298,"column":13}}],"line":294},"28":{"loc":{"start":{"line":294,"column":15},"end":{"line":294,"column":71}},"type":"binary-expr","locations":[{"start":{"line":294,"column":16},"end":{"line":294,"column":29}},{"start":{"line":294,"column":33},"end":{"line":294,"column":48}},{"start":{"line":294,"column":54},"end":{"line":294,"column":69}}],"line":294},"29":{"loc":{"start":{"line":299,"column":14},"end":{"line":305,"column":9}},"type":"if","locations":[{"start":{"line":299,"column":14},"end":{"line":305,"column":9}},{"start":{"line":299,"column":14},"end":{"line":305,"column":9}}],"line":299},"30":{"loc":{"start":{"line":299,"column":17},"end":{"line":299,"column":35}},"type":"binary-expr","locations":[{"start":{"line":299,"column":17},"end":{"line":299,"column":25}},{"start":{"line":299,"column":27},"end":{"line":299,"column":35}}],"line":299},"31":{"loc":{"start":{"line":301,"column":14},"end":{"line":305,"column":9}},"type":"if","locations":[{"start":{"line":301,"column":14},"end":{"line":305,"column":9}},{"start":{"line":301,"column":14},"end":{"line":305,"column":9}}],"line":301},"32":{"loc":{"start":{"line":301,"column":17},"end":{"line":301,"column":38}},"type":"binary-expr","locations":[{"start":{"line":301,"column":17},"end":{"line":301,"column":24}},{"start":{"line":301,"column":28},"end":{"line":301,"column":38}}],"line":301},"33":{"loc":{"start":{"line":303,"column":14},"end":{"line":305,"column":9}},"type":"if","locations":[{"start":{"line":303,"column":14},"end":{"line":305,"column":9}},{"start":{"line":303,"column":14},"end":{"line":305,"column":9}}],"line":303},"34":{"loc":{"start":{"line":303,"column":17},"end":{"line":303,"column":38}},"type":"binary-expr","locations":[{"start":{"line":303,"column":17},"end":{"line":303,"column":24}},{"start":{"line":303,"column":28},"end":{"line":303,"column":38}}],"line":303},"35":{"loc":{"start":{"line":330,"column":12},"end":{"line":336,"column":13}},"type":"if","locations":[{"start":{"line":330,"column":12},"end":{"line":336,"column":13}},{"start":{"line":330,"column":12},"end":{"line":336,"column":13}}],"line":330},"36":{"loc":{"start":{"line":332,"column":18},"end":{"line":336,"column":13}},"type":"if","locations":[{"start":{"line":332,"column":18},"end":{"line":336,"column":13}},{"start":{"line":332,"column":18},"end":{"line":336,"column":13}}],"line":332},"37":{"loc":{"start":{"line":332,"column":21},"end":{"line":332,"column":84}},"type":"binary-expr","locations":[{"start":{"line":332,"column":21},"end":{"line":332,"column":50}},{"start":{"line":332,"column":54},"end":{"line":332,"column":84}}],"line":332},"38":{"loc":{"start":{"line":359,"column":16},"end":{"line":361,"column":17}},"type":"if","locations":[{"start":{"line":359,"column":16},"end":{"line":361,"column":17}},{"start":{"line":359,"column":16},"end":{"line":361,"column":17}}],"line":359},"39":{"loc":{"start":{"line":392,"column":8},"end":{"line":400,"column":9}},"type":"if","locations":[{"start":{"line":392,"column":8},"end":{"line":400,"column":9}},{"start":{"line":392,"column":8},"end":{"line":400,"column":9}}],"line":392},"40":{"loc":{"start":{"line":395,"column":12},"end":{"line":399,"column":13}},"type":"if","locations":[{"start":{"line":395,"column":12},"end":{"line":399,"column":13}},{"start":{"line":395,"column":12},"end":{"line":399,"column":13}}],"line":395},"41":{"loc":{"start":{"line":397,"column":18},"end":{"line":399,"column":13}},"type":"if","locations":[{"start":{"line":397,"column":18},"end":{"line":399,"column":13}},{"start":{"line":397,"column":18},"end":{"line":399,"column":13}}],"line":397},"42":{"loc":{"start":{"line":410,"column":8},"end":{"line":441,"column":9}},"type":"switch","locations":[{"start":{"line":411,"column":12},"end":{"line":432,"column":22}},{"start":{"line":434,"column":12},"end":{"line":436,"column":22}},{"start":{"line":438,"column":12},"end":{"line":440,"column":22}}],"line":410},"43":{"loc":{"start":{"line":412,"column":16},"end":{"line":430,"column":17}},"type":"if","locations":[{"start":{"line":412,"column":16},"end":{"line":430,"column":17}},{"start":{"line":412,"column":16},"end":{"line":430,"column":17}}],"line":412},"44":{"loc":{"start":{"line":413,"column":20},"end":{"line":418,"column":21}},"type":"if","locations":[{"start":{"line":413,"column":20},"end":{"line":418,"column":21}},{"start":{"line":413,"column":20},"end":{"line":418,"column":21}}],"line":413},"45":{"loc":{"start":{"line":420,"column":22},"end":{"line":430,"column":17}},"type":"if","locations":[{"start":{"line":420,"column":22},"end":{"line":430,"column":17}},{"start":{"line":420,"column":22},"end":{"line":430,"column":17}}],"line":420},"46":{"loc":{"start":{"line":421,"column":20},"end":{"line":426,"column":21}},"type":"if","locations":[{"start":{"line":421,"column":20},"end":{"line":426,"column":21}},{"start":{"line":421,"column":20},"end":{"line":426,"column":21}}],"line":421},"47":{"loc":{"start":{"line":443,"column":8},"end":{"line":445,"column":9}},"type":"if","locations":[{"start":{"line":443,"column":8},"end":{"line":445,"column":9}},{"start":{"line":443,"column":8},"end":{"line":445,"column":9}}],"line":443}},"s":{"0":30,"1":30,"2":30,"3":30,"4":11,"5":12,"6":11,"7":11,"8":3627,"9":3627,"10":3627,"11":3627,"12":3627,"13":3627,"14":113,"15":113,"16":113,"17":113,"18":75,"19":75,"20":25,"21":25,"22":13,"23":13,"24":13,"25":13,"26":113,"27":99,"28":113,"29":16,"30":16,"31":16,"32":6,"33":3,"34":2,"35":1,"36":1,"37":1,"38":2,"39":1,"40":3,"41":3,"42":2,"43":1,"44":1,"45":1,"46":2,"47":1,"48":6,"49":8,"50":4,"51":2,"52":2,"53":2,"54":4,"55":2,"56":2,"57":2,"58":8,"59":2,"60":1,"61":1,"62":2,"63":16,"64":4,"65":4,"66":2,"67":1,"68":2,"69":1,"70":4,"71":110,"72":111,"73":75,"74":75,"75":75,"76":525,"77":75,"78":113,"79":113,"80":75,"81":75,"82":75,"83":25,"84":25,"85":25,"86":13,"87":13,"88":13,"89":113,"90":80,"91":80,"92":80,"93":80,"94":80,"95":6,"96":74,"97":80,"98":80,"99":3360,"100":289,"101":289,"102":3071,"103":2411,"104":2411,"105":660,"106":660,"107":80,"108":82,"109":82,"110":82,"111":10,"112":10,"113":82,"114":82,"115":82,"116":175,"117":175,"118":8,"119":4,"120":4,"121":167,"122":3,"123":164,"124":20,"125":144,"126":70,"127":175,"128":26,"129":26,"130":312,"131":26,"132":14,"133":14,"134":14,"135":14,"136":14,"137":14,"138":168,"139":14,"140":154,"141":140,"142":14,"143":14,"144":111,"145":111,"146":111,"147":558,"148":558,"149":3582,"150":3582,"151":3582,"152":3582,"153":3582,"154":3582,"155":288,"156":3582,"157":3582,"158":558,"159":111,"160":3596,"161":3596,"162":3596,"163":3596,"164":3596,"165":3596,"166":912,"167":2684,"168":43,"169":2641,"170":31,"171":3596,"172":8,"173":8,"174":8,"175":6,"176":3,"177":2,"178":2,"179":1,"180":3,"181":3,"182":2,"183":1,"184":1,"185":1,"186":2,"187":1,"188":6,"189":1,"190":1,"191":1,"192":1,"193":8,"194":1,"195":8,"196":108},"f":{"0":30,"1":30,"2":11,"3":12,"4":11,"5":3627,"6":113,"7":16,"8":4,"9":110,"10":111,"11":113,"12":80,"13":82,"14":175,"15":26,"16":312,"17":14,"18":111,"19":3596,"20":8,"21":108},"b":{"0":[11,1],"1":[97,16],"2":[75,25,13],"3":[99,14],"4":[113,16],"5":[12,4],"6":[6,8,2],"7":[3,3],"8":[2,1],"9":[1,1],"10":[2,1],"11":[1,1],"12":[4,4],"13":[2,2],"14":[2,2],"15":[1,1],"16":[2,2],"17":[1,1],"18":[1,1],"19":[75,36],"20":[75,25,13],"21":[6,74],"22":[289,3071],"23":[2411,660],"24":[3071,3071],"25":[10,72],"26":[8,167],"27":[4,4],"28":[8,6,6],"29":[3,164],"30":[167,165],"31":[20,144],"32":[164,32],"33":[70,74],"34":[144,132],"35":[14,154],"36":[140,14],"37":[154,154],"38":[288,3294],"39":[912,2684],"40":[43,2641],"41":[31,2610],"42":[6,1,1],"43":[3,3],"44":[2,1],"45":[2,1],"46":[1,1],"47":[1,7]},"_coverageSchema":"332fd63041d2c1bcb487cc26dd0d5f7d97098a6c","hash":"5452b4f85790b2dd91f5e42600a95b9d4e1eb469"}
,"/Users/jh/Documents/worksapce/react/calendar/src/components/datePicker.js": {"path":"/Users/jh/Documents/worksapce/react/calendar/src/components/datePicker.js","statementMap":{"0":{"start":{"line":10,"column":8},"end":{"line":10,"column":16}},"1":{"start":{"line":11,"column":8},"end":{"line":15,"column":10}},"2":{"start":{"line":19,"column":8},"end":{"line":19,"column":32}},"3":{"start":{"line":23,"column":8},"end":{"line":23,"column":85}},"4":{"start":{"line":27,"column":8},"end":{"line":27,"column":35}},"5":{"start":{"line":31,"column":8},"end":{"line":31,"column":88}},"6":{"start":{"line":36,"column":24},"end":{"line":36,"column":50}},"7":{"start":{"line":38,"column":8},"end":{"line":40,"column":9}},"8":{"start":{"line":39,"column":12},"end":{"line":39,"column":50}},"9":{"start":{"line":45,"column":19},"end":{"line":45,"column":29}},"10":{"start":{"line":46,"column":19},"end":{"line":46,"column":37}},"11":{"start":{"line":47,"column":20},"end":{"line":47,"column":37}},"12":{"start":{"line":48,"column":18},"end":{"line":48,"column":32}},"13":{"start":{"line":50,"column":18},"end":{"line":50,"column":55}},"14":{"start":{"line":52,"column":26},"end":{"line":52,"column":60}},"15":{"start":{"line":55,"column":8},"end":{"line":55,"column":36}},"16":{"start":{"line":59,"column":24},"end":{"line":59,"column":44}},"17":{"start":{"line":60,"column":25},"end":{"line":60,"column":46}},"18":{"start":{"line":62,"column":8},"end":{"line":66,"column":9}},"19":{"start":{"line":64,"column":35},"end":{"line":64,"column":74}},"20":{"start":{"line":65,"column":12},"end":{"line":65,"column":50}},"21":{"start":{"line":68,"column":25},"end":{"line":68,"column":77}},"22":{"start":{"line":70,"column":8},"end":{"line":70,"column":26}},"23":{"start":{"line":75,"column":24},"end":{"line":75,"column":44}},"24":{"start":{"line":76,"column":21},"end":{"line":76,"column":65}},"25":{"start":{"line":77,"column":19},"end":{"line":77,"column":50}},"26":{"start":{"line":78,"column":8},"end":{"line":78,"column":33}},"27":{"start":{"line":79,"column":8},"end":{"line":79,"column":34}},"28":{"start":{"line":80,"column":8},"end":{"line":80,"column":32}},"29":{"start":{"line":82,"column":8},"end":{"line":82,"column":47}},"30":{"start":{"line":84,"column":8},"end":{"line":86,"column":9}},"31":{"start":{"line":85,"column":12},"end":{"line":85,"column":61}},"32":{"start":{"line":92,"column":22},"end":{"line":92,"column":310}},"33":{"start":{"line":94,"column":8},"end":{"line":94,"column":34}},"34":{"start":{"line":98,"column":26},"end":{"line":98,"column":47}},"35":{"start":{"line":101,"column":8},"end":{"line":102,"column":132}},"36":{"start":{"line":104,"column":8},"end":{"line":105,"column":111}},"37":{"start":{"line":107,"column":8},"end":{"line":107,"column":34}},"38":{"start":{"line":112,"column":36},"end":{"line":112,"column":80}},"39":{"start":{"line":113,"column":8},"end":{"line":115,"column":11}},"40":{"start":{"line":114,"column":12},"end":{"line":114,"column":50}},"41":{"start":{"line":120,"column":36},"end":{"line":120,"column":60}},"42":{"start":{"line":122,"column":8},"end":{"line":122,"column":75}},"43":{"start":{"line":123,"column":8},"end":{"line":123,"column":77}},"44":{"start":{"line":124,"column":8},"end":{"line":124,"column":73}},"45":{"start":{"line":126,"column":8},"end":{"line":134,"column":9}},"46":{"start":{"line":127,"column":23},"end":{"line":127,"column":49}},"47":{"start":{"line":128,"column":34},"end":{"line":128,"column":71}},"48":{"start":{"line":129,"column":12},"end":{"line":131,"column":13}},"49":{"start":{"line":130,"column":16},"end":{"line":130,"column":32}},"50":{"start":{"line":133,"column":12},"end":{"line":133,"column":46}},"51":{"start":{"line":138,"column":8},"end":{"line":140,"column":9}},"52":{"start":{"line":139,"column":12},"end":{"line":139,"column":69}},"53":{"start":{"line":141,"column":8},"end":{"line":143,"column":9}},"54":{"start":{"line":142,"column":12},"end":{"line":142,"column":73}},"55":{"start":{"line":145,"column":8},"end":{"line":145,"column":37}},"56":{"start":{"line":149,"column":8},"end":{"line":149,"column":28}},"57":{"start":{"line":150,"column":8},"end":{"line":150,"column":40}},"58":{"start":{"line":154,"column":25},"end":{"line":154,"column":46}},"59":{"start":{"line":155,"column":8},"end":{"line":155,"column":55}},"60":{"start":{"line":157,"column":8},"end":{"line":157,"column":49}},"61":{"start":{"line":161,"column":25},"end":{"line":161,"column":55}},"62":{"start":{"line":162,"column":8},"end":{"line":162,"column":52}},"63":{"start":{"line":163,"column":8},"end":{"line":163,"column":54}},"64":{"start":{"line":164,"column":8},"end":{"line":164,"column":50}},"65":{"start":{"line":168,"column":8},"end":{"line":168,"column":26}},"66":{"start":{"line":173,"column":8},"end":{"line":206,"column":9}}},"fnMap":{"0":{"name":"(anonymous_0)","decl":{"start":{"line":9,"column":4},"end":{"line":9,"column":5}},"loc":{"start":{"line":9,"column":17},"end":{"line":16,"column":5}},"line":9},"1":{"name":"(anonymous_1)","decl":{"start":{"line":18,"column":4},"end":{"line":18,"column":5}},"loc":{"start":{"line":18,"column":24},"end":{"line":20,"column":5}},"line":18},"2":{"name":"(anonymous_2)","decl":{"start":{"line":22,"column":4},"end":{"line":22,"column":5}},"loc":{"start":{"line":22,"column":22},"end":{"line":24,"column":5}},"line":22},"3":{"name":"(anonymous_3)","decl":{"start":{"line":26,"column":4},"end":{"line":26,"column":5}},"loc":{"start":{"line":26,"column":27},"end":{"line":28,"column":5}},"line":26},"4":{"name":"(anonymous_4)","decl":{"start":{"line":30,"column":4},"end":{"line":30,"column":5}},"loc":{"start":{"line":30,"column":25},"end":{"line":32,"column":5}},"line":30},"5":{"name":"(anonymous_5)","decl":{"start":{"line":34,"column":4},"end":{"line":34,"column":5}},"loc":{"start":{"line":34,"column":30},"end":{"line":41,"column":5}},"line":34},"6":{"name":"(anonymous_6)","decl":{"start":{"line":44,"column":4},"end":{"line":44,"column":5}},"loc":{"start":{"line":44,"column":14},"end":{"line":56,"column":5}},"line":44},"7":{"name":"(anonymous_7)","decl":{"start":{"line":58,"column":4},"end":{"line":58,"column":5}},"loc":{"start":{"line":58,"column":21},"end":{"line":71,"column":5}},"line":58},"8":{"name":"(anonymous_8)","decl":{"start":{"line":73,"column":4},"end":{"line":73,"column":5}},"loc":{"start":{"line":73,"column":23},"end":{"line":88,"column":5}},"line":73},"9":{"name":"(anonymous_9)","decl":{"start":{"line":90,"column":4},"end":{"line":90,"column":5}},"loc":{"start":{"line":90,"column":29},"end":{"line":95,"column":5}},"line":90},"10":{"name":"(anonymous_10)","decl":{"start":{"line":97,"column":4},"end":{"line":97,"column":5}},"loc":{"start":{"line":97,"column":55},"end":{"line":108,"column":5}},"line":97},"11":{"name":"(anonymous_11)","decl":{"start":{"line":110,"column":4},"end":{"line":110,"column":5}},"loc":{"start":{"line":110,"column":36},"end":{"line":117,"column":5}},"line":110},"12":{"name":"(anonymous_12)","decl":{"start":{"line":113,"column":66},"end":{"line":113,"column":67}},"loc":{"start":{"line":113,"column":70},"end":{"line":115,"column":9}},"line":113},"13":{"name":"(anonymous_13)","decl":{"start":{"line":119,"column":4},"end":{"line":119,"column":5}},"loc":{"start":{"line":119,"column":43},"end":{"line":146,"column":5}},"line":119},"14":{"name":"(anonymous_14)","decl":{"start":{"line":148,"column":4},"end":{"line":148,"column":5}},"loc":{"start":{"line":148,"column":28},"end":{"line":151,"column":5}},"line":148},"15":{"name":"(anonymous_15)","decl":{"start":{"line":153,"column":4},"end":{"line":153,"column":5}},"loc":{"start":{"line":153,"column":31},"end":{"line":158,"column":5}},"line":153},"16":{"name":"(anonymous_16)","decl":{"start":{"line":160,"column":4},"end":{"line":160,"column":5}},"loc":{"start":{"line":160,"column":30},"end":{"line":169,"column":5}},"line":160},"17":{"name":"(anonymous_17)","decl":{"start":{"line":172,"column":4},"end":{"line":172,"column":5}},"loc":{"start":{"line":172,"column":12},"end":{"line":207,"column":5}},"line":172}},"branchMap":{"0":{"loc":{"start":{"line":38,"column":8},"end":{"line":40,"column":9}},"type":"if","locations":[{"start":{"line":38,"column":8},"end":{"line":40,"column":9}},{"start":{"line":38,"column":8},"end":{"line":40,"column":9}}],"line":38},"1":{"loc":{"start":{"line":38,"column":12},"end":{"line":38,"column":55}},"type":"binary-expr","locations":[{"start":{"line":38,"column":12},"end":{"line":38,"column":20}},{"start":{"line":38,"column":24},"end":{"line":38,"column":55}}],"line":38},"2":{"loc":{"start":{"line":62,"column":8},"end":{"line":66,"column":9}},"type":"if","locations":[{"start":{"line":62,"column":8},"end":{"line":66,"column":9}},{"start":{"line":62,"column":8},"end":{"line":66,"column":9}}],"line":62},"3":{"loc":{"start":{"line":62,"column":11},"end":{"line":62,"column":98}},"type":"binary-expr","locations":[{"start":{"line":62,"column":11},"end":{"line":62,"column":38}},{"start":{"line":62,"column":42},"end":{"line":62,"column":69}},{"start":{"line":62,"column":73},"end":{"line":62,"column":98}}],"line":62},"4":{"loc":{"start":{"line":84,"column":8},"end":{"line":86,"column":9}},"type":"if","locations":[{"start":{"line":84,"column":8},"end":{"line":86,"column":9}},{"start":{"line":84,"column":8},"end":{"line":86,"column":9}}],"line":84},"5":{"loc":{"start":{"line":102,"column":12},"end":{"line":102,"column":130}},"type":"binary-expr","locations":[{"start":{"line":102,"column":12},"end":{"line":102,"column":42}},{"start":{"line":102,"column":46},"end":{"line":102,"column":87}},{"start":{"line":102,"column":91},"end":{"line":102,"column":130}}],"line":102},"6":{"loc":{"start":{"line":105,"column":12},"end":{"line":105,"column":109}},"type":"binary-expr","locations":[{"start":{"line":105,"column":12},"end":{"line":105,"column":35}},{"start":{"line":105,"column":39},"end":{"line":105,"column":73}},{"start":{"line":105,"column":77},"end":{"line":105,"column":109}}],"line":105},"7":{"loc":{"start":{"line":126,"column":8},"end":{"line":134,"column":9}},"type":"if","locations":[{"start":{"line":126,"column":8},"end":{"line":134,"column":9}},{"start":{"line":126,"column":8},"end":{"line":134,"column":9}}],"line":126},"8":{"loc":{"start":{"line":138,"column":8},"end":{"line":140,"column":9}},"type":"if","locations":[{"start":{"line":138,"column":8},"end":{"line":140,"column":9}},{"start":{"line":138,"column":8},"end":{"line":140,"column":9}}],"line":138},"9":{"loc":{"start":{"line":141,"column":8},"end":{"line":143,"column":9}},"type":"if","locations":[{"start":{"line":141,"column":8},"end":{"line":143,"column":9}},{"start":{"line":141,"column":8},"end":{"line":143,"column":9}}],"line":141}},"s":{"0":20,"1":20,"2":20,"3":21,"4":1,"5":1,"6":9,"7":9,"8":8,"9":41,"10":41,"11":41,"12":41,"13":41,"14":41,"15":41,"16":58,"17":58,"18":58,"19":6,"20":6,"21":58,"22":58,"23":2,"24":2,"25":2,"26":2,"27":2,"28":2,"29":2,"30":2,"31":1,"32":5,"33":5,"34":546,"35":546,"36":546,"37":546,"38":1,"39":1,"40":1,"41":43,"42":43,"43":43,"44":43,"45":43,"46":1,"47":1,"48":1,"49":3,"50":1,"51":43,"52":1,"53":43,"54":1,"55":43,"56":1,"57":1,"58":8,"59":8,"60":8,"61":55,"62":55,"63":55,"64":55,"65":55,"66":54},"f":{"0":20,"1":20,"2":21,"3":1,"4":1,"5":9,"6":41,"7":58,"8":2,"9":5,"10":546,"11":1,"12":1,"13":43,"14":1,"15":8,"16":55,"17":54},"b":{"0":[8,1],"1":[9,9],"2":[6,52],"3":[58,56,54],"4":[1,1],"5":[546,14,14],"6":[546,14,14],"7":[1,42],"8":[1,42],"9":[1,42]},"_coverageSchema":"332fd63041d2c1bcb487cc26dd0d5f7d97098a6c","hash":"4b363a29aea1780b77a01ea6e915686bb1e702bb"}
}
